\BOOKMARK [1][-]{section.1}{color\040push\040gray\0400color\040popwhiteIntroductionAbicolor\040push\040gray\0400color\040poptowidthheightdepth}{}% 1
\BOOKMARK [1][-]{section.2}{color\040push\040gray\0400color\040popwhitePython\040General\040CommandsAbicolor\040push\040gray\0400color\040poptowidthheightdepth}{}% 2
\BOOKMARK [2][-]{subsection.2.1}{color\040push\040gray\0400color\040popwhiteprint\040command\040tipsmatgreencolor\040push\040gray\0400color\040poptowidthheightdepth}{section.2}% 3
\BOOKMARK [2][-]{subsection.2.2}{color\040push\040gray\0400color\040popwhiteMeasuring\040Timematgreencolor\040push\040gray\0400color\040poptowidthheightdepth}{section.2}% 4
\BOOKMARK [2][-]{subsection.2.3}{color\040push\040gray\0400color\040popwhite.join\040functionalitymatgreencolor\040push\040gray\0400color\040poptowidthheightdepth}{section.2}% 5
\BOOKMARK [2][-]{subsection.2.4}{color\040push\040gray\0400color\040popwhiteLambda\040Functionmatgreencolor\040push\040gray\0400color\040poptowidthheightdepth}{section.2}% 6
\BOOKMARK [2][-]{subsection.2.5}{color\040push\040gray\0400color\040popwhiteCreating\040a\040new\040variable\040in\040each\040iteration\040of\040a\040for\040loopmatgreencolor\040push\040gray\0400color\040poptowidthheightdepth}{section.2}% 7
\BOOKMARK [2][-]{subsection.2.6}{color\040push\040gray\0400color\040popwhiteIteratormatgreencolor\040push\040gray\0400color\040poptowidthheightdepth}{section.2}% 8
\BOOKMARK [2][-]{subsection.2.7}{color\040push\040gray\0400color\040popwhitePython\040Generatormatgreencolor\040push\040gray\0400color\040poptowidthheightdepth}{section.2}% 9
\BOOKMARK [1][-]{section.3}{color\040push\040gray\0400color\040popwhiteSublime\040Text\040Editor\040HotkeysAbicolor\040push\040gray\0400color\040poptowidthheightdepth}{}% 10
\BOOKMARK [2][-]{subsection.3.1}{color\040push\040gray\0400color\040popwhiteFirst,\040install\040Package\040Controlmatgreencolor\040push\040gray\0400color\040poptowidthheightdepth}{section.3}% 11
\BOOKMARK [2][-]{subsection.3.2}{color\040push\040gray\0400color\040popwhiteCondamatgreencolor\040push\040gray\0400color\040poptowidthheightdepth}{section.3}% 12
\BOOKMARK [2][-]{subsection.3.3}{color\040push\040gray\0400color\040popwhiteSome\040Handy\040tips\040and\040Hotkeysmatgreencolor\040push\040gray\0400color\040poptowidthheightdepth}{section.3}% 13
\BOOKMARK [1][-]{section.4}{color\040push\040gray\0400color\040popwhiteHave\040your\040files\040with\040Glob\040LibraryAbicolor\040push\040gray\0400color\040poptowidthheightdepth}{}% 14
\BOOKMARK [2][-]{subsection.4.1}{color\040push\040gray\0400color\040popwhiteimport\040globmatgreencolor\040push\040gray\0400color\040poptowidthheightdepth}{section.4}% 15
\BOOKMARK [2][-]{subsection.4.2}{color\040push\040gray\0400color\040popwhiteglob.glob\('*'\)matgreencolor\040push\040gray\0400color\040poptowidthheightdepth}{section.4}% 16
\BOOKMARK [2][-]{subsection.4.3}{color\040push\040gray\0400color\040popwhiteglob.glob\('*.png'\)matgreencolor\040push\040gray\0400color\040poptowidthheightdepth}{section.4}% 17
\BOOKMARK [2][-]{subsection.4.4}{color\040push\040gray\0400color\040popwhiteglob.glob\('R*'\)matgreencolor\040push\040gray\0400color\040poptowidthheightdepth}{section.4}% 18
\BOOKMARK [1][-]{section.5}{color\040push\040gray\0400color\040popwhitematplotlib\040LibraryAbicolor\040push\040gray\0400color\040poptowidthheightdepth}{}% 19
\BOOKMARK [2][-]{subsection.5.1}{color\040push\040gray\0400color\040popwhiteimport\040matplotlib.pypelot\040as\040pltmatgreencolor\040push\040gray\0400color\040poptowidthheightdepth}{section.5}% 20
\BOOKMARK [2][-]{subsection.5.2}{color\040push\040gray\0400color\040popwhiteplt.plot\(...\)matgreencolor\040push\040gray\0400color\040poptowidthheightdepth}{section.5}% 21
\BOOKMARK [2][-]{subsection.5.3}{color\040push\040gray\0400color\040popwhiteplt.show\(\)matgreencolor\040push\040gray\0400color\040poptowidthheightdepth}{section.5}% 22
\BOOKMARK [2][-]{subsection.5.4}{color\040push\040gray\0400color\040popwhiteplt.xlabel\(name\)matgreencolor\040push\040gray\0400color\040poptowidthheightdepth}{section.5}% 23
\BOOKMARK [2][-]{subsection.5.5}{color\040push\040gray\0400color\040popwhiteSubplotsmatgreencolor\040push\040gray\0400color\040poptowidthheightdepth}{section.5}% 24
\BOOKMARK [1][-]{section.6}{color\040push\040gray\0400color\040popwhiteos\040LibraryAbicolor\040push\040gray\0400color\040poptowidthheightdepth}{}% 25
\BOOKMARK [2][-]{subsection.6.1}{color\040push\040gray\0400color\040popwhiteimport\040osmatgreencolor\040push\040gray\0400color\040poptowidthheightdepth}{section.6}% 26
\BOOKMARK [2][-]{subsection.6.2}{color\040push\040gray\0400color\040popwhiteos.getcwd\(\)matgreencolor\040push\040gray\0400color\040poptowidthheightdepth}{section.6}% 27
\BOOKMARK [2][-]{subsection.6.3}{color\040push\040gray\0400color\040popwhiteos.mkdir\('name'\)matgreencolor\040push\040gray\0400color\040poptowidthheightdepth}{section.6}% 28
\BOOKMARK [2][-]{subsection.6.4}{color\040push\040gray\0400color\040popwhiteos.removedirs\('name'\)matgreencolor\040push\040gray\0400color\040poptowidthheightdepth}{section.6}% 29
\BOOKMARK [2][-]{subsection.6.5}{color\040push\040gray\0400color\040popwhiteos.chdir\(Newdirectory\)matgreencolor\040push\040gray\0400color\040poptowidthheightdepth}{section.6}% 30
\BOOKMARK [2][-]{subsection.6.6}{color\040push\040gray\0400color\040popwhiteos.path.join\(Further\040Address\)matgreencolor\040push\040gray\0400color\040poptowidthheightdepth}{section.6}% 31
\BOOKMARK [2][-]{subsection.6.7}{color\040push\040gray\0400color\040popwhiteos.walkmatgreencolor\040push\040gray\0400color\040poptowidthheightdepth}{section.6}% 32
\BOOKMARK [2][-]{subsection.6.8}{color\040push\040gray\0400color\040popwhiteTo\040Loop\040over\040files\040in\040a\040directorymatgreencolor\040push\040gray\0400color\040poptowidthheightdepth}{section.6}% 33
\BOOKMARK [1][-]{section.7}{color\040push\040gray\0400color\040popwhitenumpy\040LibraryAbicolor\040push\040gray\0400color\040poptowidthheightdepth}{}% 34
\BOOKMARK [2][-]{subsection.7.1}{color\040push\040gray\0400color\040popwhiteimport\040numpy\040as\040npmatgreencolor\040push\040gray\0400color\040poptowidthheightdepth}{section.7}% 35
\BOOKMARK [2][-]{subsection.7.2}{color\040push\040gray\0400color\040popwhitenp.array\(list\)matgreencolor\040push\040gray\0400color\040poptowidthheightdepth}{section.7}% 36
\BOOKMARK [2][-]{subsection.7.3}{color\040push\040gray\0400color\040popwhiteDimension\040and\040Shapematgreencolor\040push\040gray\0400color\040poptowidthheightdepth}{section.7}% 37
\BOOKMARK [2][-]{subsection.7.4}{color\040push\040gray\0400color\040popwhitenp.array\(list\).astype\('float'\)matgreencolor\040push\040gray\0400color\040poptowidthheightdepth}{section.7}% 38
\BOOKMARK [2][-]{subsection.7.5}{color\040push\040gray\0400color\040popwhiteReshapematgreencolor\040push\040gray\0400color\040poptowidthheightdepth}{section.7}% 39
\BOOKMARK [2][-]{subsection.7.6}{color\040push\040gray\0400color\040popwhitenp.loadtxt\(rawdata,delimiter=","\)matgreencolor\040push\040gray\0400color\040poptowidthheightdepth}{section.7}% 40
\BOOKMARK [2][-]{subsection.7.7}{color\040push\040gray\0400color\040popwhitenp.dstack\(TUP\)matgreencolor\040push\040gray\0400color\040poptowidthheightdepth}{section.7}% 41
\BOOKMARK [2][-]{subsection.7.8}{color\040push\040gray\0400color\040popwhitenp.ndarray\040VS\040np.arraymatgreencolor\040push\040gray\0400color\040poptowidthheightdepth}{section.7}% 42
\BOOKMARK [1][-]{section.8}{color\040push\040gray\0400color\040popwhitepandas\040LibraryAbicolor\040push\040gray\0400color\040poptowidthheightdepth}{}% 43
\BOOKMARK [2][-]{subsection.8.1}{color\040push\040gray\0400color\040popwhiteimport\040pandasmatgreencolor\040push\040gray\0400color\040poptowidthheightdepth}{section.8}% 44
\BOOKMARK [2][-]{subsection.8.2}{color\040push\040gray\0400color\040popwhitefrom\040pandas\040import\040read_csvmatgreencolor\040push\040gray\0400color\040poptowidthheightdepth}{section.8}% 45
\BOOKMARK [2][-]{subsection.8.3}{color\040push\040gray\0400color\040popwhitepandas.Series\(data=Data,\040index=labels\)matgreencolor\040push\040gray\0400color\040poptowidthheightdepth}{section.8}% 46
\BOOKMARK [2][-]{subsection.8.4}{color\040push\040gray\0400color\040popwhitepandas.DataFrame\(data=Data,\040index\040=\040rowlabels\040,\040columns\040=\040column\040labels\)matgreencolor\040push\040gray\0400color\040poptowidthheightdepth}{section.8}% 47
\BOOKMARK [2][-]{subsection.8.5}{color\040push\040gray\0400color\040popwhiteread_csv\(filename,names=Names\)matgreencolor\040push\040gray\0400color\040poptowidthheightdepth}{section.8}% 48
\BOOKMARK [2][-]{subsection.8.6}{color\040push\040gray\0400color\040popwhiteDATA.head\(#\)matgreencolor\040push\040gray\0400color\040poptowidthheightdepth}{section.8}% 49
\BOOKMARK [2][-]{subsection.8.7}{color\040push\040gray\0400color\040popwhiteData.dtypesmatgreencolor\040push\040gray\0400color\040poptowidthheightdepth}{section.8}% 50
\BOOKMARK [2][-]{subsection.8.8}{color\040push\040gray\0400color\040popwhiteData.describe\(\)matgreencolor\040push\040gray\0400color\040poptowidthheightdepth}{section.8}% 51
\BOOKMARK [2][-]{subsection.8.9}{color\040push\040gray\0400color\040popwhiteData.groupby\('GROUP\040NAME'\).size\(\)matgreencolor\040push\040gray\0400color\040poptowidthheightdepth}{section.8}% 52
\BOOKMARK [2][-]{subsection.8.10}{color\040push\040gray\0400color\040popwhiteData.pop\('GROUP\040NAME'\)matgreencolor\040push\040gray\0400color\040poptowidthheightdepth}{section.8}% 53
\BOOKMARK [2][-]{subsection.8.11}{color\040push\040gray\0400color\040popwhiteData.loc[index]matgreencolor\040push\040gray\0400color\040poptowidthheightdepth}{section.8}% 54
\BOOKMARK [2][-]{subsection.8.12}{color\040push\040gray\0400color\040popwhiteData.isna\(\)matgreencolor\040push\040gray\0400color\040poptowidthheightdepth}{section.8}% 55
\BOOKMARK [2][-]{subsection.8.13}{color\040push\040gray\0400color\040popwhiteData.isna\(\).sum\(\)matgreencolor\040push\040gray\0400color\040poptowidthheightdepth}{section.8}% 56
\BOOKMARK [2][-]{subsection.8.14}{color\040push\040gray\0400color\040popwhiteData.dropna\(\)matgreencolor\040push\040gray\0400color\040poptowidthheightdepth}{section.8}% 57
\BOOKMARK [2][-]{subsection.8.15}{color\040push\040gray\0400color\040popwhiteData.corr\(method='pearson'\)matgreencolor\040push\040gray\0400color\040poptowidthheightdepth}{section.8}% 58
\BOOKMARK [2][-]{subsection.8.16}{color\040push\040gray\0400color\040popwhitePlotting\040Correlation\040Graphmatgreencolor\040push\040gray\0400color\040poptowidthheightdepth}{section.8}% 59
\BOOKMARK [2][-]{subsection.8.17}{color\040push\040gray\0400color\040popwhitePipeline\040in\040pandasmatgreencolor\040push\040gray\0400color\040poptowidthheightdepth}{section.8}% 60
\BOOKMARK [2][-]{subsection.8.18}{color\040push\040gray\0400color\040popwhiteData.skew\(\)matgreencolor\040push\040gray\0400color\040poptowidthheightdepth}{section.8}% 61
\BOOKMARK [2][-]{subsection.8.19}{color\040push\040gray\0400color\040popwhiteNormalizingmatgreencolor\040push\040gray\0400color\040poptowidthheightdepth}{section.8}% 62
\BOOKMARK [2][-]{subsection.8.20}{color\040push\040gray\0400color\040popwhiteTest,Train\040Splitmatgreencolor\040push\040gray\0400color\040poptowidthheightdepth}{section.8}% 63
\BOOKMARK [2][-]{subsection.8.21}{color\040push\040gray\0400color\040popwhiteOne\040Hot\040Encodingmatgreencolor\040push\040gray\0400color\040poptowidthheightdepth}{section.8}% 64
\BOOKMARK [2][-]{subsection.8.22}{color\040push\040gray\0400color\040popwhitedata.hist\(\)matgreencolor\040push\040gray\0400color\040poptowidthheightdepth}{section.8}% 65
\BOOKMARK [2][-]{subsection.8.23}{color\040push\040gray\0400color\040popwhitedata.plot\(Options\)matgreencolor\040push\040gray\0400color\040poptowidthheightdepth}{section.8}% 66
\BOOKMARK [2][-]{subsection.8.24}{color\040push\040gray\0400color\040popwhiteDATA.valuesmatgreencolor\040push\040gray\0400color\040poptowidthheightdepth}{section.8}% 67
\BOOKMARK [1][-]{section.9}{color\040push\040gray\0400color\040popwhiteseaborn\040LibraryAbicolor\040push\040gray\0400color\040poptowidthheightdepth}{}% 68
\BOOKMARK [2][-]{subsection.9.1}{color\040push\040gray\0400color\040popwhiteimport\040seaborn\040as\040snsmatgreencolor\040push\040gray\0400color\040poptowidthheightdepth}{section.9}% 69
\BOOKMARK [2][-]{subsection.9.2}{color\040push\040gray\0400color\040popwhiteCorrelation\040Matrixmatgreencolor\040push\040gray\0400color\040poptowidthheightdepth}{section.9}% 70
\BOOKMARK [2][-]{subsection.9.3}{color\040push\040gray\0400color\040popwhiteScatter\040Matrixmatgreencolor\040push\040gray\0400color\040poptowidthheightdepth}{section.9}% 71
\BOOKMARK [2][-]{subsection.9.4}{color\040push\040gray\0400color\040popwhiteScatter\040Matrix\040IImatgreencolor\040push\040gray\0400color\040poptowidthheightdepth}{section.9}% 72
\BOOKMARK [1][-]{section.10}{color\040push\040gray\0400color\040popwhitesklearn\040LibraryAbicolor\040push\040gray\0400color\040poptowidthheightdepth}{}% 73
\BOOKMARK [2][-]{subsection.10.1}{color\040push\040gray\0400color\040popwhitefrom\040sklearn.preprocessing\040import\040MinMaxScalermatgreencolor\040push\040gray\0400color\040poptowidthheightdepth}{section.10}% 74
\BOOKMARK [2][-]{subsection.10.2}{color\040push\040gray\0400color\040popwhitefrom\040sklearn.preprocessing\040import\040StandardScalermatgreencolor\040push\040gray\0400color\040poptowidthheightdepth}{section.10}% 75
\BOOKMARK [2][-]{subsection.10.3}{color\040push\040gray\0400color\040popwhitefrom\040sklearn.preprocessing\040import\040Normalizermatgreencolor\040push\040gray\0400color\040poptowidthheightdepth}{section.10}% 76
\BOOKMARK [2][-]{subsection.10.4}{color\040push\040gray\0400color\040popwhitefrom\040sklearn.preprocessing\040import\040Binarizermatgreencolor\040push\040gray\0400color\040poptowidthheightdepth}{section.10}% 77
\BOOKMARK [2][-]{subsection.10.5}{color\040push\040gray\0400color\040popwhiteSelectKBest\(score_func=chi2,k=4\)matgreencolor\040push\040gray\0400color\040poptowidthheightdepth}{section.10}% 78
\BOOKMARK [2][-]{subsection.10.6}{color\040push\040gray\0400color\040popwhitePCA\(n_components=N\)matgreencolor\040push\040gray\0400color\040poptowidthheightdepth}{section.10}% 79
\BOOKMARK [2][-]{subsection.10.7}{color\040push\040gray\0400color\040popwhiteOneHotEncodingmatgreencolor\040push\040gray\0400color\040poptowidthheightdepth}{section.10}% 80
\BOOKMARK [1][-]{section.11}{color\040push\040gray\0400color\040popwhiteOpenCV\040LibraryAbicolor\040push\040gray\0400color\040poptowidthheightdepth}{}% 81
\BOOKMARK [2][-]{subsection.11.1}{color\040push\040gray\0400color\040popwhiteimport\040cv2matgreencolor\040push\040gray\0400color\040poptowidthheightdepth}{section.11}% 82
\BOOKMARK [2][-]{subsection.11.2}{color\040push\040gray\0400color\040popwhitePrimary\040Works\040on\040Imagematgreencolor\040push\040gray\0400color\040poptowidthheightdepth}{section.11}% 83
\BOOKMARK [2][-]{subsection.11.3}{color\040push\040gray\0400color\040popwhitePrimary\040Works\040on\040Videomatgreencolor\040push\040gray\0400color\040poptowidthheightdepth}{section.11}% 84
\BOOKMARK [3][-]{subsubsection.11.3.1}{color\040push\040gray\0400color\040popwhiteHow\040to\040display\040a\040videoimportantcolor\040push\040gray\0400color\040poptowidthheightdepth}{subsection.11.3}% 85
\BOOKMARK [3][-]{subsubsection.11.3.2}{color\040push\040gray\0400color\040popwhiteHow\040to\040save\040desired\040framesimportantcolor\040push\040gray\0400color\040poptowidthheightdepth}{subsection.11.3}% 86
\BOOKMARK [3][-]{subsubsection.11.3.3}{color\040push\040gray\0400color\040popwhiteHow\040to\040backward-play\040a\040video\040importantcolor\040push\040gray\0400color\040poptowidthheightdepth}{subsection.11.3}% 87
\BOOKMARK [3][-]{subsubsection.11.3.4}{color\040push\040gray\0400color\040popwhiteHow\040to\040export\040a\040video\040file\040importantcolor\040push\040gray\0400color\040poptowidthheightdepth}{subsection.11.3}% 88
\BOOKMARK [1][-]{section.12}{color\040push\040gray\0400color\040popwhitePillow\040LibraryAbicolor\040push\040gray\0400color\040poptowidthheightdepth}{}% 89
\BOOKMARK [2][-]{subsection.12.1}{color\040push\040gray\0400color\040popwhitefrom\040PIL\040import\040Imagematgreencolor\040push\040gray\0400color\040poptowidthheightdepth}{section.12}% 90
\BOOKMARK [2][-]{subsection.12.2}{color\040push\040gray\0400color\040popwhiteImage.open\(image\)matgreencolor\040push\040gray\0400color\040poptowidthheightdepth}{section.12}% 91
\BOOKMARK [2][-]{subsection.12.3}{color\040push\040gray\0400color\040popwhitemyimage.show\(\)matgreencolor\040push\040gray\0400color\040poptowidthheightdepth}{section.12}% 92
\BOOKMARK [2][-]{subsection.12.4}{color\040push\040gray\0400color\040popwhitemyimage.save\('filename.anyformat'matgreencolor\040push\040gray\0400color\040poptowidthheightdepth}{section.12}% 93
\BOOKMARK [2][-]{subsection.12.5}{color\040push\040gray\0400color\040popwhiteResize\(reduce\040the\040size\040only\)matgreencolor\040push\040gray\0400color\040poptowidthheightdepth}{section.12}% 94
\BOOKMARK [2][-]{subsection.12.6}{color\040push\040gray\0400color\040popwhiteRotatematgreencolor\040push\040gray\0400color\040poptowidthheightdepth}{section.12}% 95
\BOOKMARK [2][-]{subsection.12.7}{color\040push\040gray\0400color\040popwhiteConvertmatgreencolor\040push\040gray\0400color\040poptowidthheightdepth}{section.12}% 96
\BOOKMARK [2][-]{subsection.12.8}{color\040push\040gray\0400color\040popwhiteFilteringmatgreencolor\040push\040gray\0400color\040poptowidthheightdepth}{section.12}% 97
\BOOKMARK [1][-]{section.13}{color\040push\040gray\0400color\040popwhitePickle\040LibraryAbicolor\040push\040gray\0400color\040poptowidthheightdepth}{}% 98
\BOOKMARK [2][-]{subsection.13.1}{color\040push\040gray\0400color\040popwhitePicklematgreencolor\040push\040gray\0400color\040poptowidthheightdepth}{section.13}% 99
\BOOKMARK [1][-]{section.14}{color\040push\040gray\0400color\040popwhitePathlib\040LibraryAbicolor\040push\040gray\0400color\040poptowidthheightdepth}{}% 100
\BOOKMARK [2][-]{subsection.14.1}{color\040push\040gray\0400color\040popwhitePathlibmatgreencolor\040push\040gray\0400color\040poptowidthheightdepth}{section.14}% 101
\BOOKMARK [2][-]{subsection.14.2}{color\040push\040gray\0400color\040popwhiteHome\040&\040CWDmatgreencolor\040push\040gray\0400color\040poptowidthheightdepth}{section.14}% 102
\BOOKMARK [2][-]{subsection.14.3}{color\040push\040gray\0400color\040popwhiteTesting\040that\040if\040this\040is\040a\040real\040addressmatgreencolor\040push\040gray\0400color\040poptowidthheightdepth}{section.14}% 103
\BOOKMARK [2][-]{subsection.14.4}{color\040push\040gray\0400color\040popwhiteJoining\040paths,\040getting\040all\040subfolders\040and\040return\040back\040to\040parent\040foldermatgreencolor\040push\040gray\0400color\040poptowidthheightdepth}{section.14}% 104
\BOOKMARK [2][-]{subsection.14.5}{color\040push\040gray\0400color\040popwhiteMaking\040a\040new\040directory\040\(New\040folder\)matgreencolor\040push\040gray\0400color\040poptowidthheightdepth}{section.14}% 105
\BOOKMARK [2][-]{subsection.14.6}{color\040push\040gray\0400color\040popwhiteCopying\040filesmatgreencolor\040push\040gray\0400color\040poptowidthheightdepth}{section.14}% 106
\BOOKMARK [2][-]{subsection.14.7}{color\040push\040gray\0400color\040popwhiteCreating\040an\040empty\040filematgreencolor\040push\040gray\0400color\040poptowidthheightdepth}{section.14}% 107
\BOOKMARK [2][-]{subsection.14.8}{color\040push\040gray\0400color\040popwhiteRename\040a\040filematgreencolor\040push\040gray\0400color\040poptowidthheightdepth}{section.14}% 108
\BOOKMARK [2][-]{subsection.14.9}{color\040push\040gray\0400color\040popwhiteRemove\040a\040file\040or\040foldermatgreencolor\040push\040gray\0400color\040poptowidthheightdepth}{section.14}% 109
\BOOKMARK [2][-]{subsection.14.10}{color\040push\040gray\0400color\040popwhitePrints\040paths\040cleanermatgreencolor\040push\040gray\0400color\040poptowidthheightdepth}{section.14}% 110
\BOOKMARK [2][-]{subsection.14.11}{color\040push\040gray\0400color\040popwhitepath\040partsmatgreencolor\040push\040gray\0400color\040poptowidthheightdepth}{section.14}% 111
\BOOKMARK [2][-]{subsection.14.12}{color\040push\040gray\0400color\040popwhiteGlobbing\040and\040finding\040specific\040types\040of\040filesmatgreencolor\040push\040gray\0400color\040poptowidthheightdepth}{section.14}% 112
\BOOKMARK [2][-]{subsection.14.13}{color\040push\040gray\0400color\040popwhiteCounting\040files\040by\040extension\040matgreencolor\040push\040gray\0400color\040poptowidthheightdepth}{section.14}% 113
\BOOKMARK [2][-]{subsection.14.14}{color\040push\040gray\0400color\040popwhiteRead\040&\040Write\040a\040text\040filematgreencolor\040push\040gray\0400color\040poptowidthheightdepth}{section.14}% 114
\BOOKMARK [2][-]{subsection.14.15}{color\040push\040gray\0400color\040popwhiteTo\040Loop\040over\040files\040in\040a\040directorymatgreencolor\040push\040gray\0400color\040poptowidthheightdepth}{section.14}% 115
\BOOKMARK [2][-]{subsection.14.16}{color\040push\040gray\0400color\040popwhiteAcknowledgements\040about\040pathlib\040tutorialmatgreencolor\040push\040gray\0400color\040poptowidthheightdepth}{section.14}% 116
\BOOKMARK [1][-]{section.15}{color\040push\040gray\0400color\040popwhiteTensorflowAbicolor\040push\040gray\0400color\040poptowidthheightdepth}{}% 117
\BOOKMARK [2][-]{subsection.15.1}{color\040push\040gray\0400color\040popwhiteImporting\040Librariesmatgreencolor\040push\040gray\0400color\040poptowidthheightdepth}{section.15}% 118
\BOOKMARK [2][-]{subsection.15.2}{color\040push\040gray\0400color\040popwhiteGeneral\040Commandsmatgreencolor\040push\040gray\0400color\040poptowidthheightdepth}{section.15}% 119
\BOOKMARK [2][-]{subsection.15.3}{color\040push\040gray\0400color\040popwhiteTensorflow\040Datasetsmatgreencolor\040push\040gray\0400color\040poptowidthheightdepth}{section.15}% 120
\BOOKMARK [2][-]{subsection.15.4}{color\040push\040gray\0400color\040popwhiteKeras\040Librarymatgreencolor\040push\040gray\0400color\040poptowidthheightdepth}{section.15}% 121
\BOOKMARK [3][-]{subsubsection.15.4.1}{color\040push\040gray\0400color\040popwhiteKeras\040Datasetsimportantcolor\040push\040gray\0400color\040poptowidthheightdepth}{subsection.15.4}% 122
\BOOKMARK [3][-]{subsubsection.15.4.2}{color\040push\040gray\0400color\040popwhiteKeras\040URLSimportantcolor\040push\040gray\0400color\040poptowidthheightdepth}{subsection.15.4}% 123
\BOOKMARK [3][-]{subsubsection.15.4.3}{color\040push\040gray\0400color\040popwhiteKeras\040Modelimportantcolor\040push\040gray\0400color\040poptowidthheightdepth}{subsection.15.4}% 124
\BOOKMARK [2][-]{subsection.15.5}{color\040push\040gray\0400color\040popwhiteImporting\040Librariesmatgreencolor\040push\040gray\0400color\040poptowidthheightdepth}{section.15}% 125
\BOOKMARK [2][-]{subsection.15.6}{color\040push\040gray\0400color\040popwhiteImporting\040Librariesmatgreencolor\040push\040gray\0400color\040poptowidthheightdepth}{section.15}% 126
\BOOKMARK [2][-]{subsection.15.7}{color\040push\040gray\0400color\040popwhiteImporting\040Librariesmatgreencolor\040push\040gray\0400color\040poptowidthheightdepth}{section.15}% 127
\BOOKMARK [1][-]{section.16}{color\040push\040gray\0400color\040popwhiteThe\040EndAbicolor\040push\040gray\0400color\040poptowidthheightdepth}{}% 128
\BOOKMARK [2][-]{subsection.16.1}{color\040push\040gray\0400color\040popwhiteImporting\040Librariesmatgreencolor\040push\040gray\0400color\040poptowidthheightdepth}{section.16}% 129
\BOOKMARK [2][-]{subsection.16.2}{color\040push\040gray\0400color\040popwhiteImporting\040Librariesmatgreencolor\040push\040gray\0400color\040poptowidthheightdepth}{section.16}% 130
\BOOKMARK [2][-]{subsection.16.3}{color\040push\040gray\0400color\040popwhiteImporting\040Librariesmatgreencolor\040push\040gray\0400color\040poptowidthheightdepth}{section.16}% 131
\BOOKMARK [2][-]{subsection.16.4}{color\040push\040gray\0400color\040popwhiteImporting\040Librariesmatgreencolor\040push\040gray\0400color\040poptowidthheightdepth}{section.16}% 132
\BOOKMARK [2][-]{subsection.16.5}{color\040push\040gray\0400color\040popwhiteImporting\040Librariesmatgreencolor\040push\040gray\0400color\040poptowidthheightdepth}{section.16}% 133
\BOOKMARK [1][-]{section.17}{color\040push\040gray\0400color\040popwhiteThe\040EndAbicolor\040push\040gray\0400color\040poptowidthheightdepth}{}% 134
\BOOKMARK [2][-]{subsection.17.1}{color\040push\040gray\0400color\040popwhiteAcknowledgementsmatgreencolor\040push\040gray\0400color\040poptowidthheightdepth}{section.17}% 135
\BOOKMARK [2][-]{subsection.17.2}{color\040push\040gray\0400color\040popwhiteFinal\040Wordsmatgreencolor\040push\040gray\0400color\040poptowidthheightdepth}{section.17}% 136
